{
  "/home/dviartseika/verteyko/rs-app-react-ts/src/components/Elements/CheckboxComponent/CheckboxComponent.tsx": {
    "path": "/home/dviartseika/verteyko/rs-app-react-ts/src/components/Elements/CheckboxComponent/CheckboxComponent.tsx",
    "statementMap": {
      "0": {
        "start": {
          "line": 5,
          "column": 0
        },
        "end": {
          "line": 15,
          "column": 1
        }
      },
      "1": {
        "start": {
          "line": 6,
          "column": 2
        },
        "end": {
          "line": 8,
          "column": 3
        }
      },
      "2": {
        "start": {
          "line": 7,
          "column": 4
        },
        "end": {
          "line": 7,
          "column": 165
        }
      },
      "3": {
        "start": {
          "line": 9,
          "column": 2
        },
        "end": {
          "line": 9,
          "column": 39
        }
      },
      "4": {
        "start": {
          "line": 10,
          "column": 2
        },
        "end": {
          "line": 10,
          "column": 39
        }
      },
      "5": {
        "start": {
          "line": 11,
          "column": 2
        },
        "end": {
          "line": 13,
          "column": 4
        }
      },
      "6": {
        "start": {
          "line": 12,
          "column": 4
        },
        "end": {
          "line": 12,
          "column": 150
        }
      },
      "7": {
        "start": {
          "line": 14,
          "column": 2
        },
        "end": {
          "line": 14,
          "column": 75
        }
      },
      "8": {
        "start": {
          "line": 22,
          "column": 2
        },
        "end": {
          "line": 41,
          "column": 11
        }
      },
      "9": {
        "start": {
          "line": 43,
          "column": 0
        },
        "end": {
          "line": 43,
          "column": 23
        }
      },
      "10": {
        "start": {
          "line": 46,
          "column": 0
        },
        "end": {
          "line": 46,
          "column": 38
        }
      },
      "11": {
        "start": {
          "line": 47,
          "column": 0
        },
        "end": {
          "line": 63,
          "column": 1
        }
      },
      "12": {
        "start": {
          "line": 48,
          "column": 2
        },
        "end": {
          "line": 48,
          "column": 39
        }
      },
      "13": {
        "start": {
          "line": 49,
          "column": 2
        },
        "end": {
          "line": 49,
          "column": 39
        }
      },
      "14": {
        "start": {
          "line": 50,
          "column": 2
        },
        "end": {
          "line": 62,
          "column": 5
        }
      },
      "15": {
        "start": {
          "line": 54,
          "column": 4
        },
        "end": {
          "line": 54,
          "column": 176
        }
      },
      "16": {
        "start": {
          "line": 55,
          "column": 4
        },
        "end": {
          "line": 61,
          "column": 7
        }
      },
      "17": {
        "start": {
          "line": 56,
          "column": 6
        },
        "end": {
          "line": 57,
          "column": 15
        }
      },
      "18": {
        "start": {
          "line": 57,
          "column": 8
        },
        "end": {
          "line": 57,
          "column": 15
        }
      },
      "19": {
        "start": {
          "line": 58,
          "column": 32
        },
        "end": {
          "line": 58,
          "column": 115
        }
      },
      "20": {
        "start": {
          "line": 59,
          "column": 6
        },
        "end": {
          "line": 60,
          "column": 54
        }
      },
      "21": {
        "start": {
          "line": 60,
          "column": 8
        },
        "end": {
          "line": 60,
          "column": 54
        }
      }
    },
    "fnMap": {
      "0": {
        "name": "(anonymous_0)",
        "decl": {
          "start": {
            "line": 11,
            "column": 24
          },
          "end": {
            "line": 11,
            "column": 25
          }
        },
        "loc": {
          "start": {
            "line": 11,
            "column": 38
          },
          "end": {
            "line": 13,
            "column": 3
          }
        },
        "line": 11
      },
      "1": {
        "name": "CheckboxComponent",
        "decl": {
          "start": {
            "line": 16,
            "column": 9
          },
          "end": {
            "line": 16,
            "column": 26
          }
        },
        "loc": {
          "start": {
            "line": 21,
            "column": 3
          },
          "end": {
            "line": 42,
            "column": 1
          }
        },
        "line": 21
      },
      "2": {
        "name": "(anonymous_2)",
        "decl": {
          "start": {
            "line": 53,
            "column": 9
          },
          "end": {
            "line": 53,
            "column": 10
          }
        },
        "loc": {
          "start": {
            "line": 53,
            "column": 29
          },
          "end": {
            "line": 62,
            "column": 3
          }
        },
        "line": 53
      },
      "3": {
        "name": "(anonymous_3)",
        "decl": {
          "start": {
            "line": 55,
            "column": 27
          },
          "end": {
            "line": 55,
            "column": 28
          }
        },
        "loc": {
          "start": {
            "line": 55,
            "column": 44
          },
          "end": {
            "line": 61,
            "column": 5
          }
        },
        "line": 55
      }
    },
    "branchMap": {
      "0": {
        "loc": {
          "start": {
            "line": 5,
            "column": 0
          },
          "end": {
            "line": 15,
            "column": 1
          }
        },
        "type": "if",
        "locations": [
          {
            "start": {
              "line": 5,
              "column": 0
            },
            "end": {
              "line": 15,
              "column": 1
            }
          },
          {
            "start": {},
            "end": {}
          }
        ],
        "line": 5
      },
      "1": {
        "loc": {
          "start": {
            "line": 6,
            "column": 2
          },
          "end": {
            "line": 8,
            "column": 3
          }
        },
        "type": "if",
        "locations": [
          {
            "start": {
              "line": 6,
              "column": 2
            },
            "end": {
              "line": 8,
              "column": 3
            }
          },
          {
            "start": {},
            "end": {}
          }
        ],
        "line": 6
      },
      "2": {
        "loc": {
          "start": {
            "line": 47,
            "column": 0
          },
          "end": {
            "line": 63,
            "column": 1
          }
        },
        "type": "if",
        "locations": [
          {
            "start": {
              "line": 47,
              "column": 0
            },
            "end": {
              "line": 63,
              "column": 1
            }
          },
          {
            "start": {},
            "end": {}
          }
        ],
        "line": 47
      },
      "3": {
        "loc": {
          "start": {
            "line": 56,
            "column": 6
          },
          "end": {
            "line": 57,
            "column": 15
          }
        },
        "type": "if",
        "locations": [
          {
            "start": {
              "line": 56,
              "column": 6
            },
            "end": {
              "line": 57,
              "column": 15
            }
          },
          {
            "start": {},
            "end": {}
          }
        ],
        "line": 56
      },
      "4": {
        "loc": {
          "start": {
            "line": 59,
            "column": 6
          },
          "end": {
            "line": 60,
            "column": 54
          }
        },
        "type": "if",
        "locations": [
          {
            "start": {
              "line": 59,
              "column": 6
            },
            "end": {
              "line": 60,
              "column": 54
            }
          },
          {
            "start": {},
            "end": {}
          }
        ],
        "line": 59
      }
    },
    "s": {
      "0": 10,
      "1": 10,
      "2": 0,
      "3": 10,
      "4": 10,
      "5": 10,
      "6": 10,
      "7": 10,
      "8": 40,
      "9": 10,
      "10": 10,
      "11": 10,
      "12": 10,
      "13": 10,
      "14": 10,
      "15": 5,
      "16": 5,
      "17": 0,
      "18": 0,
      "19": 0,
      "20": 0,
      "21": 0
    },
    "f": {
      "0": 10,
      "1": 40,
      "2": 5,
      "3": 0
    },
    "b": {
      "0": [
        10,
        0
      ],
      "1": [
        0,
        10
      ],
      "2": [
        10,
        0
      ],
      "3": [
        0,
        0
      ],
      "4": [
        0,
        0
      ]
    },
    "inputSourceMap": {
      "version": 3,
      "mappings": "AAagB;AAbhB,OAAOA,oBAAQC;AAAyB,IAAO;AAAA;AAAA;AAAA;AAAA;AAAA;AAAA;AAAA;AAAA;AAAA;AAAA;AAAA;AAAA;AAQ/C,SAASC,kBAAmB;AAAA,EAAEC;AAAAA,EAASC;AAAAA,EAAUC;AAAAA,EAAOC;AAAwB,GAAG;AAE/E,SACI,uBAAC,SACG,iCAAC,WACG;AAAA,2BAAC,WACG,MAAK,YACL,SACA,UACA,YAJJ;AAAA;AAAA;AAAA;AAAA,WAIuB;AAAA,IAEvB,uBAAC,UAAK,WAAU,QACVD,mBADN;AAAA;AAAA;AAAA;AAAA,WAEA;AAAA,OATJ;AAAA;AAAA;AAAA;AAAA,SAUA,KAXJ;AAAA;AAAA;AAAA;AAAA,SAYA;AAER;AAACE,KAjBQL;AAmBT,eAAeA;AAAkB;AAAAM",
      "names": [
        "React",
        "ChangeEventHandler",
        "CheckboxComponent",
        "checked",
        "disabled",
        "label",
        "onChange",
        "_c",
        "$RefreshReg$"
      ],
      "sources": [
        "/home/dviartseika/verteyko/rs-app-react-ts/src/components/Elements/CheckboxComponent/CheckboxComponent.tsx"
      ],
      "file": "/home/dviartseika/verteyko/rs-app-react-ts/src/components/Elements/CheckboxComponent/CheckboxComponent.tsx"
    },
    "_coverageSchema": "1a1c01bbd47fc00a2c39e90264f33305004495a9",
    "hash": "6023c3d582aa4c4a268db18b7d1971693f94e11e"
  },
  "/home/dviartseika/verteyko/rs-app-react-ts/src/components/Form/FormItem.tsx": {
    "path": "/home/dviartseika/verteyko/rs-app-react-ts/src/components/Form/FormItem.tsx",
    "statementMap": {
      "0": {
        "start": {
          "line": 5,
          "column": 0
        },
        "end": {
          "line": 15,
          "column": 1
        }
      },
      "1": {
        "start": {
          "line": 6,
          "column": 2
        },
        "end": {
          "line": 8,
          "column": 3
        }
      },
      "2": {
        "start": {
          "line": 7,
          "column": 4
        },
        "end": {
          "line": 7,
          "column": 165
        }
      },
      "3": {
        "start": {
          "line": 9,
          "column": 2
        },
        "end": {
          "line": 9,
          "column": 39
        }
      },
      "4": {
        "start": {
          "line": 10,
          "column": 2
        },
        "end": {
          "line": 10,
          "column": 39
        }
      },
      "5": {
        "start": {
          "line": 11,
          "column": 2
        },
        "end": {
          "line": 13,
          "column": 4
        }
      },
      "6": {
        "start": {
          "line": 12,
          "column": 4
        },
        "end": {
          "line": 12,
          "column": 119
        }
      },
      "7": {
        "start": {
          "line": 14,
          "column": 2
        },
        "end": {
          "line": 14,
          "column": 75
        }
      },
      "8": {
        "start": {
          "line": 20,
          "column": 17
        },
        "end": {
          "line": 20,
          "column": 92
        }
      },
      "9": {
        "start": {
          "line": 21,
          "column": 2
        },
        "end": {
          "line": 89,
          "column": 11
        }
      },
      "10": {
        "start": {
          "line": 91,
          "column": 0
        },
        "end": {
          "line": 91,
          "column": 14
        }
      },
      "11": {
        "start": {
          "line": 93,
          "column": 0
        },
        "end": {
          "line": 93,
          "column": 29
        }
      },
      "12": {
        "start": {
          "line": 94,
          "column": 0
        },
        "end": {
          "line": 110,
          "column": 1
        }
      },
      "13": {
        "start": {
          "line": 95,
          "column": 2
        },
        "end": {
          "line": 95,
          "column": 39
        }
      },
      "14": {
        "start": {
          "line": 96,
          "column": 2
        },
        "end": {
          "line": 96,
          "column": 39
        }
      },
      "15": {
        "start": {
          "line": 97,
          "column": 2
        },
        "end": {
          "line": 109,
          "column": 5
        }
      },
      "16": {
        "start": {
          "line": 101,
          "column": 4
        },
        "end": {
          "line": 101,
          "column": 145
        }
      },
      "17": {
        "start": {
          "line": 102,
          "column": 4
        },
        "end": {
          "line": 108,
          "column": 7
        }
      },
      "18": {
        "start": {
          "line": 103,
          "column": 6
        },
        "end": {
          "line": 104,
          "column": 15
        }
      },
      "19": {
        "start": {
          "line": 104,
          "column": 8
        },
        "end": {
          "line": 104,
          "column": 15
        }
      },
      "20": {
        "start": {
          "line": 105,
          "column": 32
        },
        "end": {
          "line": 105,
          "column": 115
        }
      },
      "21": {
        "start": {
          "line": 106,
          "column": 6
        },
        "end": {
          "line": 107,
          "column": 54
        }
      },
      "22": {
        "start": {
          "line": 107,
          "column": 8
        },
        "end": {
          "line": 107,
          "column": 54
        }
      }
    },
    "fnMap": {
      "0": {
        "name": "(anonymous_0)",
        "decl": {
          "start": {
            "line": 11,
            "column": 24
          },
          "end": {
            "line": 11,
            "column": 25
          }
        },
        "loc": {
          "start": {
            "line": 11,
            "column": 38
          },
          "end": {
            "line": 13,
            "column": 3
          }
        },
        "line": 11
      },
      "1": {
        "name": "FormItem",
        "decl": {
          "start": {
            "line": 19,
            "column": 9
          },
          "end": {
            "line": 19,
            "column": 17
          }
        },
        "loc": {
          "start": {
            "line": 19,
            "column": 25
          },
          "end": {
            "line": 90,
            "column": 1
          }
        },
        "line": 19
      },
      "2": {
        "name": "(anonymous_2)",
        "decl": {
          "start": {
            "line": 100,
            "column": 9
          },
          "end": {
            "line": 100,
            "column": 10
          }
        },
        "loc": {
          "start": {
            "line": 100,
            "column": 29
          },
          "end": {
            "line": 109,
            "column": 3
          }
        },
        "line": 100
      },
      "3": {
        "name": "(anonymous_3)",
        "decl": {
          "start": {
            "line": 102,
            "column": 27
          },
          "end": {
            "line": 102,
            "column": 28
          }
        },
        "loc": {
          "start": {
            "line": 102,
            "column": 44
          },
          "end": {
            "line": 108,
            "column": 5
          }
        },
        "line": 102
      }
    },
    "branchMap": {
      "0": {
        "loc": {
          "start": {
            "line": 5,
            "column": 0
          },
          "end": {
            "line": 15,
            "column": 1
          }
        },
        "type": "if",
        "locations": [
          {
            "start": {
              "line": 5,
              "column": 0
            },
            "end": {
              "line": 15,
              "column": 1
            }
          },
          {
            "start": {},
            "end": {}
          }
        ],
        "line": 5
      },
      "1": {
        "loc": {
          "start": {
            "line": 6,
            "column": 2
          },
          "end": {
            "line": 8,
            "column": 3
          }
        },
        "type": "if",
        "locations": [
          {
            "start": {
              "line": 6,
              "column": 2
            },
            "end": {
              "line": 8,
              "column": 3
            }
          },
          {
            "start": {},
            "end": {}
          }
        ],
        "line": 6
      },
      "2": {
        "loc": {
          "start": {
            "line": 20,
            "column": 17
          },
          "end": {
            "line": 20,
            "column": 92
          }
        },
        "type": "cond-expr",
        "locations": [
          {
            "start": {
              "line": 20,
              "column": 43
            },
            "end": {
              "line": 20,
              "column": 87
            }
          },
          {
            "start": {
              "line": 20,
              "column": 90
            },
            "end": {
              "line": 20,
              "column": 92
            }
          }
        ],
        "line": 20
      },
      "3": {
        "loc": {
          "start": {
            "line": 80,
            "column": 4
          },
          "end": {
            "line": 84,
            "column": 12
          }
        },
        "type": "binary-expr",
        "locations": [
          {
            "start": {
              "line": 80,
              "column": 4
            },
            "end": {
              "line": 80,
              "column": 10
            }
          },
          {
            "start": {
              "line": 80,
              "column": 30
            },
            "end": {
              "line": 84,
              "column": 12
            }
          }
        ],
        "line": 80
      },
      "4": {
        "loc": {
          "start": {
            "line": 94,
            "column": 0
          },
          "end": {
            "line": 110,
            "column": 1
          }
        },
        "type": "if",
        "locations": [
          {
            "start": {
              "line": 94,
              "column": 0
            },
            "end": {
              "line": 110,
              "column": 1
            }
          },
          {
            "start": {},
            "end": {}
          }
        ],
        "line": 94
      },
      "5": {
        "loc": {
          "start": {
            "line": 103,
            "column": 6
          },
          "end": {
            "line": 104,
            "column": 15
          }
        },
        "type": "if",
        "locations": [
          {
            "start": {
              "line": 103,
              "column": 6
            },
            "end": {
              "line": 104,
              "column": 15
            }
          },
          {
            "start": {},
            "end": {}
          }
        ],
        "line": 103
      },
      "6": {
        "loc": {
          "start": {
            "line": 106,
            "column": 6
          },
          "end": {
            "line": 107,
            "column": 54
          }
        },
        "type": "if",
        "locations": [
          {
            "start": {
              "line": 106,
              "column": 6
            },
            "end": {
              "line": 107,
              "column": 54
            }
          },
          {
            "start": {},
            "end": {}
          }
        ],
        "line": 106
      }
    },
    "s": {
      "0": 10,
      "1": 10,
      "2": 0,
      "3": 10,
      "4": 10,
      "5": 10,
      "6": 10,
      "7": 10,
      "8": 0,
      "9": 0,
      "10": 10,
      "11": 10,
      "12": 10,
      "13": 10,
      "14": 10,
      "15": 10,
      "16": 5,
      "17": 5,
      "18": 0,
      "19": 0,
      "20": 0,
      "21": 0,
      "22": 0
    },
    "f": {
      "0": 10,
      "1": 0,
      "2": 5,
      "3": 0
    },
    "b": {
      "0": [
        10,
        0
      ],
      "1": [
        0,
        10
      ],
      "2": [
        0,
        0
      ],
      "3": [
        0,
        0
      ],
      "4": [
        10,
        0
      ],
      "5": [
        0,
        0
      ],
      "6": [
        0,
        0
      ]
    },
    "inputSourceMap": {
      "version": 3,
      "mappings": "AAcY;AAdZ,OAAOA,oBAAkB;AAAA;AAAA;AAAA;AAAA;AAAA;AAAA;AAAA;AAAA;AAAA;AAAA;AAAA;AAAA;AAAA;AAEzB,OAAOC,aAAa;AACpB,OAAOC,uBAAuB;AAG9B,eAAeC;AAIf,SAASA,SAASC,OAA6B;AAC3C,QAAMC,SAASD,MAAME,KAAKC,eAAeC,IAAIC,gBAAgBL,MAAME,KAAKC,YAAY,IAAI;AACxF,SACI,uBAAC,SAAI,WAAY,GAAEN,QAAQS,iCAAiC,eAAY,YACpE;AAAA,2BAAC,SAAI,WAAU,QACTN,gBAAME,KAAKK,aADjB;AAAA;AAAA;AAAA;AAAA,WAEA;AAAA,IACA,uBAAC,SAAI,WAAU,QACTP,gBAAME,KAAKM,YADjB;AAAA;AAAA;AAAA;AAAA,WAEA;AAAA,IACA,uBAAC,SAAI,WAAU,QACTR,gBAAME,KAAKO,WADjB;AAAA;AAAA;AAAA;AAAA,WAEA;AAAA,IACA,uBAAC,SAAI,WAAU,QACTT,gBAAME,KAAKQ,gBADjB;AAAA;AAAA;AAAA;AAAA,WAEA;AAAA,IACA,uBAAC,SAAI,WAAU,QACTV,gBAAME,KAAKS,YADjB;AAAA;AAAA;AAAA;AAAA,WAEA;AAAA,IACA,uBAAC,SAAI,WAAU,QACTX,gBAAME,KAAKU,yBADjB;AAAA;AAAA;AAAA;AAAA,WAEA;AAAA,IACA,uBAAC,SAAI,WAAU,QACTZ,gBAAME,KAAKW,uBADjB;AAAA;AAAA;AAAA;AAAA,WAEA;AAAA,IACA,uBAAC,SAAI,WAAU,QACX,iCAAC,qBACG,OAAO,iCACP,SAASb,MAAME,KAAKY,0BACpB,UAAU,QAHd;AAAA;AAAA;AAAA;AAAA,WAGmB,KAJvB;AAAA;AAAA;AAAA;AAAA,WAMA;AAAA,IACA,uBAAC,SAAI,WAAU,QACTd,gBAAME,KAAKa,wBADjB;AAAA;AAAA;AAAA;AAAA,WAEA;AAAA,IACA,uBAAC,SAAI,WAAU,QACX,iCAAC,qBACG,OAAO,iBACP,SAASf,MAAME,KAAKc,gBACpB,UAAU,QAHd;AAAA;AAAA;AAAA;AAAA,WAGmB,KAJvB;AAAA;AAAA;AAAA;AAAA,WAMA;AAAA,IAEIf,UAAU,uBAAC,SAAI,KAAKA,QAAQ,eAAY,qBAAoB,KAAI,mBAAtD;AAAA;AAAA;AAAA;AAAA,WAAqE;AAAA,OAxCvF;AAAA;AAAA;AAAA;AAAA,SA0CA;AAER;AAACgB,KA/CQlB;AAAQ;AAAAmB",
      "names": [
        "React",
        "classes",
        "CheckboxComponent",
        "FormItem",
        "props",
        "imgSrc",
        "item",
        "selectedFile",
        "URL",
        "createObjectURL",
        "form__item",
        "firstName",
        "lastName",
        "zipCode",
        "deliveryDate",
        "birthDay",
        "selectedOptionCountry",
        "selectedOptionState",
        "isAgreedWithPersonalData",
        "selectedOptionGender",
        "isReceivePromo",
        "_c",
        "$RefreshReg$"
      ],
      "sources": [
        "/home/dviartseika/verteyko/rs-app-react-ts/src/components/Form/FormItem.tsx"
      ],
      "file": "/home/dviartseika/verteyko/rs-app-react-ts/src/components/Form/FormItem.tsx"
    },
    "_coverageSchema": "1a1c01bbd47fc00a2c39e90264f33305004495a9",
    "hash": "01e4fba790195e9e46d171fec22e6f69ac07cc4e"
  },
  "/home/dviartseika/verteyko/rs-app-react-ts/src/components/Elements/InputComponent/InputComponent.tsx": {
    "path": "/home/dviartseika/verteyko/rs-app-react-ts/src/components/Elements/InputComponent/InputComponent.tsx",
    "statementMap": {
      "0": {
        "start": {
          "line": 5,
          "column": 0
        },
        "end": {
          "line": 15,
          "column": 1
        }
      },
      "1": {
        "start": {
          "line": 6,
          "column": 2
        },
        "end": {
          "line": 8,
          "column": 3
        }
      },
      "2": {
        "start": {
          "line": 7,
          "column": 4
        },
        "end": {
          "line": 7,
          "column": 165
        }
      },
      "3": {
        "start": {
          "line": 9,
          "column": 2
        },
        "end": {
          "line": 9,
          "column": 39
        }
      },
      "4": {
        "start": {
          "line": 10,
          "column": 2
        },
        "end": {
          "line": 10,
          "column": 39
        }
      },
      "5": {
        "start": {
          "line": 11,
          "column": 2
        },
        "end": {
          "line": 13,
          "column": 4
        }
      },
      "6": {
        "start": {
          "line": 12,
          "column": 4
        },
        "end": {
          "line": 12,
          "column": 144
        }
      },
      "7": {
        "start": {
          "line": 14,
          "column": 2
        },
        "end": {
          "line": 14,
          "column": 75
        }
      },
      "8": {
        "start": {
          "line": 16,
          "column": 23
        },
        "end": {
          "line": 44,
          "column": 1
        }
      },
      "9": {
        "start": {
          "line": 24,
          "column": 2
        },
        "end": {
          "line": 43,
          "column": 11
        }
      },
      "10": {
        "start": {
          "line": 45,
          "column": 0
        },
        "end": {
          "line": 45,
          "column": 20
        }
      },
      "11": {
        "start": {
          "line": 48,
          "column": 0
        },
        "end": {
          "line": 48,
          "column": 35
        }
      },
      "12": {
        "start": {
          "line": 49,
          "column": 0
        },
        "end": {
          "line": 65,
          "column": 1
        }
      },
      "13": {
        "start": {
          "line": 50,
          "column": 2
        },
        "end": {
          "line": 50,
          "column": 39
        }
      },
      "14": {
        "start": {
          "line": 51,
          "column": 2
        },
        "end": {
          "line": 51,
          "column": 39
        }
      },
      "15": {
        "start": {
          "line": 52,
          "column": 2
        },
        "end": {
          "line": 64,
          "column": 5
        }
      },
      "16": {
        "start": {
          "line": 56,
          "column": 4
        },
        "end": {
          "line": 56,
          "column": 170
        }
      },
      "17": {
        "start": {
          "line": 57,
          "column": 4
        },
        "end": {
          "line": 63,
          "column": 7
        }
      },
      "18": {
        "start": {
          "line": 58,
          "column": 6
        },
        "end": {
          "line": 59,
          "column": 15
        }
      },
      "19": {
        "start": {
          "line": 59,
          "column": 8
        },
        "end": {
          "line": 59,
          "column": 15
        }
      },
      "20": {
        "start": {
          "line": 60,
          "column": 32
        },
        "end": {
          "line": 60,
          "column": 115
        }
      },
      "21": {
        "start": {
          "line": 61,
          "column": 6
        },
        "end": {
          "line": 62,
          "column": 54
        }
      },
      "22": {
        "start": {
          "line": 62,
          "column": 8
        },
        "end": {
          "line": 62,
          "column": 54
        }
      }
    },
    "fnMap": {
      "0": {
        "name": "(anonymous_0)",
        "decl": {
          "start": {
            "line": 11,
            "column": 24
          },
          "end": {
            "line": 11,
            "column": 25
          }
        },
        "loc": {
          "start": {
            "line": 11,
            "column": 38
          },
          "end": {
            "line": 13,
            "column": 3
          }
        },
        "line": 11
      },
      "1": {
        "name": "(anonymous_1)",
        "decl": {
          "start": {
            "line": 16,
            "column": 23
          },
          "end": {
            "line": 16,
            "column": 24
          }
        },
        "loc": {
          "start": {
            "line": 23,
            "column": 6
          },
          "end": {
            "line": 44,
            "column": 1
          }
        },
        "line": 23
      },
      "2": {
        "name": "(anonymous_2)",
        "decl": {
          "start": {
            "line": 55,
            "column": 9
          },
          "end": {
            "line": 55,
            "column": 10
          }
        },
        "loc": {
          "start": {
            "line": 55,
            "column": 29
          },
          "end": {
            "line": 64,
            "column": 3
          }
        },
        "line": 55
      },
      "3": {
        "name": "(anonymous_3)",
        "decl": {
          "start": {
            "line": 57,
            "column": 27
          },
          "end": {
            "line": 57,
            "column": 28
          }
        },
        "loc": {
          "start": {
            "line": 57,
            "column": 44
          },
          "end": {
            "line": 63,
            "column": 5
          }
        },
        "line": 57
      }
    },
    "branchMap": {
      "0": {
        "loc": {
          "start": {
            "line": 5,
            "column": 0
          },
          "end": {
            "line": 15,
            "column": 1
          }
        },
        "type": "if",
        "locations": [
          {
            "start": {
              "line": 5,
              "column": 0
            },
            "end": {
              "line": 15,
              "column": 1
            }
          },
          {
            "start": {},
            "end": {}
          }
        ],
        "line": 5
      },
      "1": {
        "loc": {
          "start": {
            "line": 6,
            "column": 2
          },
          "end": {
            "line": 8,
            "column": 3
          }
        },
        "type": "if",
        "locations": [
          {
            "start": {
              "line": 6,
              "column": 2
            },
            "end": {
              "line": 8,
              "column": 3
            }
          },
          {
            "start": {},
            "end": {}
          }
        ],
        "line": 6
      },
      "2": {
        "loc": {
          "start": {
            "line": 49,
            "column": 0
          },
          "end": {
            "line": 65,
            "column": 1
          }
        },
        "type": "if",
        "locations": [
          {
            "start": {
              "line": 49,
              "column": 0
            },
            "end": {
              "line": 65,
              "column": 1
            }
          },
          {
            "start": {},
            "end": {}
          }
        ],
        "line": 49
      },
      "3": {
        "loc": {
          "start": {
            "line": 58,
            "column": 6
          },
          "end": {
            "line": 59,
            "column": 15
          }
        },
        "type": "if",
        "locations": [
          {
            "start": {
              "line": 58,
              "column": 6
            },
            "end": {
              "line": 59,
              "column": 15
            }
          },
          {
            "start": {},
            "end": {}
          }
        ],
        "line": 58
      },
      "4": {
        "loc": {
          "start": {
            "line": 61,
            "column": 6
          },
          "end": {
            "line": 62,
            "column": 54
          }
        },
        "type": "if",
        "locations": [
          {
            "start": {
              "line": 61,
              "column": 6
            },
            "end": {
              "line": 62,
              "column": 54
            }
          },
          {
            "start": {},
            "end": {}
          }
        ],
        "line": 61
      }
    },
    "s": {
      "0": 10,
      "1": 10,
      "2": 0,
      "3": 10,
      "4": 10,
      "5": 10,
      "6": 10,
      "7": 10,
      "8": 10,
      "9": 124,
      "10": 10,
      "11": 10,
      "12": 10,
      "13": 10,
      "14": 10,
      "15": 10,
      "16": 5,
      "17": 5,
      "18": 0,
      "19": 0,
      "20": 0,
      "21": 0,
      "22": 0
    },
    "f": {
      "0": 10,
      "1": 124,
      "2": 5,
      "3": 0
    },
    "b": {
      "0": [
        10,
        0
      ],
      "1": [
        0,
        10
      ],
      "2": [
        10,
        0
      ],
      "3": [
        0,
        0
      ],
      "4": [
        0,
        0
      ]
    },
    "inputSourceMap": {
      "version": 3,
      "mappings": "AAcgB;AAdhB,OAAOA,oBAAQC;AAA2B,IAAO;AAAA;AAAA;AAAA;AAAA;AAAA;AAAA;AAAA;AAAA;AAAA;AAAA;AAAA;AAAA;AAUjD,MAAMC,iBAAiBA,CAAC;AAAA,EAAEC;AAAAA,EAAOC;AAAAA,EAAOC;AAAAA,EAAMC;AAAAA,EAAWC;AAAAA,EAAaC;AAAqB,MAAM;AAC7F,SACI,uBAAC,SACG,iCAAC,WAAM,WAAU,gEAA+D,SAASJ,OACrF;AAAA,2BAAC,SAAKA,mBAAN;AAAA;AAAA;AAAA;AAAA,WAAY;AAAA,IACZ,uBAAC,WACG,IAAIA,OACJ,MACA,OACA,UACA,WAAY,GAAEE,8RACd,eANJ;AAAA;AAAA;AAAA;AAAA,WAM6B;AAAA,OARjC;AAAA;AAAA;AAAA;AAAA,SAUA,KAXJ;AAAA;AAAA;AAAA;AAAA,SAYA;AAER;AAAEG,KAhBIP;AAkBN,eAAeA;AAAe;AAAAQ",
      "names": [
        "React",
        "ChangeEventHandler",
        "InputComponent",
        "value",
        "label",
        "type",
        "className",
        "placeholder",
        "onChange",
        "_c",
        "$RefreshReg$"
      ],
      "sources": [
        "/home/dviartseika/verteyko/rs-app-react-ts/src/components/Elements/InputComponent/InputComponent.tsx"
      ],
      "file": "/home/dviartseika/verteyko/rs-app-react-ts/src/components/Elements/InputComponent/InputComponent.tsx"
    },
    "_coverageSchema": "1a1c01bbd47fc00a2c39e90264f33305004495a9",
    "hash": "fff2037c3594cc10772fffbff217a5569a8e7bc7"
  },
  "/home/dviartseika/verteyko/rs-app-react-ts/src/components/Elements/SelectComponent/SelectComponent.tsx": {
    "path": "/home/dviartseika/verteyko/rs-app-react-ts/src/components/Elements/SelectComponent/SelectComponent.tsx",
    "statementMap": {
      "0": {
        "start": {
          "line": 5,
          "column": 0
        },
        "end": {
          "line": 15,
          "column": 1
        }
      },
      "1": {
        "start": {
          "line": 6,
          "column": 2
        },
        "end": {
          "line": 8,
          "column": 3
        }
      },
      "2": {
        "start": {
          "line": 7,
          "column": 4
        },
        "end": {
          "line": 7,
          "column": 165
        }
      },
      "3": {
        "start": {
          "line": 9,
          "column": 2
        },
        "end": {
          "line": 9,
          "column": 39
        }
      },
      "4": {
        "start": {
          "line": 10,
          "column": 2
        },
        "end": {
          "line": 10,
          "column": 39
        }
      },
      "5": {
        "start": {
          "line": 11,
          "column": 2
        },
        "end": {
          "line": 13,
          "column": 4
        }
      },
      "6": {
        "start": {
          "line": 12,
          "column": 4
        },
        "end": {
          "line": 12,
          "column": 146
        }
      },
      "7": {
        "start": {
          "line": 14,
          "column": 2
        },
        "end": {
          "line": 14,
          "column": 75
        }
      },
      "8": {
        "start": {
          "line": 21,
          "column": 2
        },
        "end": {
          "line": 49,
          "column": 11
        }
      },
      "9": {
        "start": {
          "line": 30,
          "column": 8
        },
        "end": {
          "line": 34,
          "column": 17
        }
      },
      "10": {
        "start": {
          "line": 51,
          "column": 0
        },
        "end": {
          "line": 51,
          "column": 21
        }
      },
      "11": {
        "start": {
          "line": 54,
          "column": 0
        },
        "end": {
          "line": 54,
          "column": 36
        }
      },
      "12": {
        "start": {
          "line": 55,
          "column": 0
        },
        "end": {
          "line": 71,
          "column": 1
        }
      },
      "13": {
        "start": {
          "line": 56,
          "column": 2
        },
        "end": {
          "line": 56,
          "column": 39
        }
      },
      "14": {
        "start": {
          "line": 57,
          "column": 2
        },
        "end": {
          "line": 57,
          "column": 39
        }
      },
      "15": {
        "start": {
          "line": 58,
          "column": 2
        },
        "end": {
          "line": 70,
          "column": 5
        }
      },
      "16": {
        "start": {
          "line": 62,
          "column": 4
        },
        "end": {
          "line": 62,
          "column": 172
        }
      },
      "17": {
        "start": {
          "line": 63,
          "column": 4
        },
        "end": {
          "line": 69,
          "column": 7
        }
      },
      "18": {
        "start": {
          "line": 64,
          "column": 6
        },
        "end": {
          "line": 65,
          "column": 15
        }
      },
      "19": {
        "start": {
          "line": 65,
          "column": 8
        },
        "end": {
          "line": 65,
          "column": 15
        }
      },
      "20": {
        "start": {
          "line": 66,
          "column": 32
        },
        "end": {
          "line": 66,
          "column": 115
        }
      },
      "21": {
        "start": {
          "line": 67,
          "column": 6
        },
        "end": {
          "line": 68,
          "column": 54
        }
      },
      "22": {
        "start": {
          "line": 68,
          "column": 8
        },
        "end": {
          "line": 68,
          "column": 54
        }
      }
    },
    "fnMap": {
      "0": {
        "name": "(anonymous_0)",
        "decl": {
          "start": {
            "line": 11,
            "column": 24
          },
          "end": {
            "line": 11,
            "column": 25
          }
        },
        "loc": {
          "start": {
            "line": 11,
            "column": 38
          },
          "end": {
            "line": 13,
            "column": 3
          }
        },
        "line": 11
      },
      "1": {
        "name": "SelectComponent",
        "decl": {
          "start": {
            "line": 16,
            "column": 9
          },
          "end": {
            "line": 16,
            "column": 24
          }
        },
        "loc": {
          "start": {
            "line": 20,
            "column": 3
          },
          "end": {
            "line": 50,
            "column": 1
          }
        },
        "line": 20
      },
      "2": {
        "name": "(anonymous_2)",
        "decl": {
          "start": {
            "line": 29,
            "column": 16
          },
          "end": {
            "line": 29,
            "column": 17
          }
        },
        "loc": {
          "start": {
            "line": 29,
            "column": 26
          },
          "end": {
            "line": 35,
            "column": 7
          }
        },
        "line": 29
      },
      "3": {
        "name": "(anonymous_3)",
        "decl": {
          "start": {
            "line": 61,
            "column": 9
          },
          "end": {
            "line": 61,
            "column": 10
          }
        },
        "loc": {
          "start": {
            "line": 61,
            "column": 29
          },
          "end": {
            "line": 70,
            "column": 3
          }
        },
        "line": 61
      },
      "4": {
        "name": "(anonymous_4)",
        "decl": {
          "start": {
            "line": 63,
            "column": 27
          },
          "end": {
            "line": 63,
            "column": 28
          }
        },
        "loc": {
          "start": {
            "line": 63,
            "column": 44
          },
          "end": {
            "line": 69,
            "column": 5
          }
        },
        "line": 63
      }
    },
    "branchMap": {
      "0": {
        "loc": {
          "start": {
            "line": 5,
            "column": 0
          },
          "end": {
            "line": 15,
            "column": 1
          }
        },
        "type": "if",
        "locations": [
          {
            "start": {
              "line": 5,
              "column": 0
            },
            "end": {
              "line": 15,
              "column": 1
            }
          },
          {
            "start": {},
            "end": {}
          }
        ],
        "line": 5
      },
      "1": {
        "loc": {
          "start": {
            "line": 6,
            "column": 2
          },
          "end": {
            "line": 8,
            "column": 3
          }
        },
        "type": "if",
        "locations": [
          {
            "start": {
              "line": 6,
              "column": 2
            },
            "end": {
              "line": 8,
              "column": 3
            }
          },
          {
            "start": {},
            "end": {}
          }
        ],
        "line": 6
      },
      "2": {
        "loc": {
          "start": {
            "line": 55,
            "column": 0
          },
          "end": {
            "line": 71,
            "column": 1
          }
        },
        "type": "if",
        "locations": [
          {
            "start": {
              "line": 55,
              "column": 0
            },
            "end": {
              "line": 71,
              "column": 1
            }
          },
          {
            "start": {},
            "end": {}
          }
        ],
        "line": 55
      },
      "3": {
        "loc": {
          "start": {
            "line": 64,
            "column": 6
          },
          "end": {
            "line": 65,
            "column": 15
          }
        },
        "type": "if",
        "locations": [
          {
            "start": {
              "line": 64,
              "column": 6
            },
            "end": {
              "line": 65,
              "column": 15
            }
          },
          {
            "start": {},
            "end": {}
          }
        ],
        "line": 64
      },
      "4": {
        "loc": {
          "start": {
            "line": 67,
            "column": 6
          },
          "end": {
            "line": 68,
            "column": 54
          }
        },
        "type": "if",
        "locations": [
          {
            "start": {
              "line": 67,
              "column": 6
            },
            "end": {
              "line": 68,
              "column": 54
            }
          },
          {
            "start": {},
            "end": {}
          }
        ],
        "line": 67
      }
    },
    "s": {
      "0": 10,
      "1": 10,
      "2": 0,
      "3": 10,
      "4": 10,
      "5": 10,
      "6": 10,
      "7": 10,
      "8": 60,
      "9": 180,
      "10": 10,
      "11": 10,
      "12": 10,
      "13": 10,
      "14": 10,
      "15": 10,
      "16": 5,
      "17": 5,
      "18": 0,
      "19": 0,
      "20": 0,
      "21": 0,
      "22": 0
    },
    "f": {
      "0": 10,
      "1": 60,
      "2": 180,
      "3": 5,
      "4": 0
    },
    "b": {
      "0": [
        10,
        0
      ],
      "1": [
        0,
        10
      ],
      "2": [
        10,
        0
      ],
      "3": [
        0,
        0
      ],
      "4": [
        0,
        0
      ]
    },
    "inputSourceMap": {
      "version": 3,
      "mappings": "AAqBoB;AArBpB,OAAOA,oBAAmB;AAAc;AAAA;AAAA;AAAA;AAAA;AAAA;AAAA;AAAA;AAAA;AAAA;AAAA;AAAA;AAAA;AAexC,SAASC,gBAAiB;AAAA,EAAEC;AAAAA,EAAOC;AAAAA,EAAOC;AAAuB,GAAG;AAChE,SACI,uBAAC,SACG,iCAAC,WACKD;AAAAA;AAAAA,IACF,uBAAC,YAAQ,GAAIC,UAAU,cAAa,IAAG,WAAU,uQAC7C;AAAA,6BAAC,YAAO,OAAM,IAAG,gCAAjB;AAAA;AAAA;AAAA;AAAA,aAAiC;AAAA,MAC/BF,MAAMG,IAAI,CAACC,SAA0B;AACpC,eAAO,uBAAC,YAAwB,OAAOA,KAAKC,OAAQD,eAAKE,QAArCF,KAAKC,OAAlB;AAAA;AAAA;AAAA;AAAA,eAAuD;AAAA,MACjE,CAAC;AAAA,SAJL;AAAA;AAAA;AAAA;AAAA,WAKA;AAAA,OAPJ;AAAA;AAAA;AAAA;AAAA,SAQA,KATJ;AAAA;AAAA;AAAA;AAAA,SAUA;AAER;AAACE,KAdQR;AAgBT,eAAeA;AAAgB;AAAAS",
      "names": [
        "React",
        "SelectComponent",
        "items",
        "label",
        "register",
        "map",
        "item",
        "value",
        "name",
        "_c",
        "$RefreshReg$"
      ],
      "sources": [
        "/home/dviartseika/verteyko/rs-app-react-ts/src/components/Elements/SelectComponent/SelectComponent.tsx"
      ],
      "file": "/home/dviartseika/verteyko/rs-app-react-ts/src/components/Elements/SelectComponent/SelectComponent.tsx"
    },
    "_coverageSchema": "1a1c01bbd47fc00a2c39e90264f33305004495a9",
    "hash": "fc20dfdc7f81f2282ae31433065b3f0a66f3772c"
  },
  "/home/dviartseika/verteyko/rs-app-react-ts/src/pages/FormPage.tsx": {
    "path": "/home/dviartseika/verteyko/rs-app-react-ts/src/pages/FormPage.tsx",
    "statementMap": {
      "0": {
        "start": {
          "line": 5,
          "column": 0
        },
        "end": {
          "line": 15,
          "column": 1
        }
      },
      "1": {
        "start": {
          "line": 6,
          "column": 2
        },
        "end": {
          "line": 8,
          "column": 3
        }
      },
      "2": {
        "start": {
          "line": 7,
          "column": 4
        },
        "end": {
          "line": 7,
          "column": 165
        }
      },
      "3": {
        "start": {
          "line": 9,
          "column": 2
        },
        "end": {
          "line": 9,
          "column": 39
        }
      },
      "4": {
        "start": {
          "line": 10,
          "column": 2
        },
        "end": {
          "line": 10,
          "column": 39
        }
      },
      "5": {
        "start": {
          "line": 11,
          "column": 2
        },
        "end": {
          "line": 13,
          "column": 4
        }
      },
      "6": {
        "start": {
          "line": 12,
          "column": 4
        },
        "end": {
          "line": 12,
          "column": 109
        }
      },
      "7": {
        "start": {
          "line": 14,
          "column": 2
        },
        "end": {
          "line": 14,
          "column": 75
        }
      },
      "8": {
        "start": {
          "line": 16,
          "column": 9
        },
        "end": {
          "line": 16,
          "column": 23
        }
      },
      "9": {
        "start": {
          "line": 28,
          "column": 2
        },
        "end": {
          "line": 28,
          "column": 7
        }
      },
      "10": {
        "start": {
          "line": 29,
          "column": 19
        },
        "end": {
          "line": 29,
          "column": 32
        }
      },
      "11": {
        "start": {
          "line": 30,
          "column": 24
        },
        "end": {
          "line": 30,
          "column": 72
        }
      },
      "12": {
        "start": {
          "line": 30,
          "column": 47
        },
        "end": {
          "line": 30,
          "column": 71
        }
      },
      "13": {
        "start": {
          "line": 39,
          "column": 6
        },
        "end": {
          "line": 53,
          "column": 4
        }
      },
      "14": {
        "start": {
          "line": 54,
          "column": 19
        },
        "end": {
          "line": 64,
          "column": 3
        }
      },
      "15": {
        "start": {
          "line": 55,
          "column": 17
        },
        "end": {
          "line": 55,
          "column": 37
        }
      },
      "16": {
        "start": {
          "line": 56,
          "column": 20
        },
        "end": {
          "line": 60,
          "column": 5
        }
      },
      "17": {
        "start": {
          "line": 61,
          "column": 4
        },
        "end": {
          "line": 61,
          "column": 36
        }
      },
      "18": {
        "start": {
          "line": 62,
          "column": 4
        },
        "end": {
          "line": 62,
          "column": 37
        }
      },
      "19": {
        "start": {
          "line": 63,
          "column": 4
        },
        "end": {
          "line": 63,
          "column": 12
        }
      },
      "20": {
        "start": {
          "line": 65,
          "column": 2
        },
        "end": {
          "line": 473,
          "column": 11
        }
      },
      "21": {
        "start": {
          "line": 82,
          "column": 28
        },
        "end": {
          "line": 101,
          "column": 14
        }
      },
      "22": {
        "start": {
          "line": 83,
          "column": 114
        },
        "end": {
          "line": 83,
          "column": 132
        }
      },
      "23": {
        "start": {
          "line": 116,
          "column": 28
        },
        "end": {
          "line": 135,
          "column": 14
        }
      },
      "24": {
        "start": {
          "line": 117,
          "column": 113
        },
        "end": {
          "line": 117,
          "column": 131
        }
      },
      "25": {
        "start": {
          "line": 150,
          "column": 28
        },
        "end": {
          "line": 169,
          "column": 14
        }
      },
      "26": {
        "start": {
          "line": 151,
          "column": 112
        },
        "end": {
          "line": 151,
          "column": 130
        }
      },
      "27": {
        "start": {
          "line": 184,
          "column": 28
        },
        "end": {
          "line": 203,
          "column": 14
        }
      },
      "28": {
        "start": {
          "line": 185,
          "column": 117
        },
        "end": {
          "line": 185,
          "column": 135
        }
      },
      "29": {
        "start": {
          "line": 218,
          "column": 28
        },
        "end": {
          "line": 237,
          "column": 14
        }
      },
      "30": {
        "start": {
          "line": 219,
          "column": 113
        },
        "end": {
          "line": 219,
          "column": 131
        }
      },
      "31": {
        "start": {
          "line": 252,
          "column": 28
        },
        "end": {
          "line": 271,
          "column": 14
        }
      },
      "32": {
        "start": {
          "line": 253,
          "column": 132
        },
        "end": {
          "line": 253,
          "column": 150
        }
      },
      "33": {
        "start": {
          "line": 286,
          "column": 28
        },
        "end": {
          "line": 305,
          "column": 14
        }
      },
      "34": {
        "start": {
          "line": 287,
          "column": 116
        },
        "end": {
          "line": 287,
          "column": 134
        }
      },
      "35": {
        "start": {
          "line": 320,
          "column": 28
        },
        "end": {
          "line": 339,
          "column": 14
        }
      },
      "36": {
        "start": {
          "line": 321,
          "column": 185
        },
        "end": {
          "line": 321,
          "column": 203
        }
      },
      "37": {
        "start": {
          "line": 354,
          "column": 28
        },
        "end": {
          "line": 373,
          "column": 14
        }
      },
      "38": {
        "start": {
          "line": 355,
          "column": 151
        },
        "end": {
          "line": 355,
          "column": 169
        }
      },
      "39": {
        "start": {
          "line": 388,
          "column": 28
        },
        "end": {
          "line": 407,
          "column": 14
        }
      },
      "40": {
        "start": {
          "line": 389,
          "column": 147
        },
        "end": {
          "line": 389,
          "column": 165
        }
      },
      "41": {
        "start": {
          "line": 455,
          "column": 6
        },
        "end": {
          "line": 459,
          "column": 15
        }
      },
      "42": {
        "start": {
          "line": 475,
          "column": 0
        },
        "end": {
          "line": 477,
          "column": 3
        }
      },
      "43": {
        "start": {
          "line": 476,
          "column": 2
        },
        "end": {
          "line": 476,
          "column": 45
        }
      },
      "44": {
        "start": {
          "line": 478,
          "column": 0
        },
        "end": {
          "line": 478,
          "column": 14
        }
      },
      "45": {
        "start": {
          "line": 481,
          "column": 0
        },
        "end": {
          "line": 481,
          "column": 29
        }
      },
      "46": {
        "start": {
          "line": 482,
          "column": 0
        },
        "end": {
          "line": 498,
          "column": 1
        }
      },
      "47": {
        "start": {
          "line": 483,
          "column": 2
        },
        "end": {
          "line": 483,
          "column": 39
        }
      },
      "48": {
        "start": {
          "line": 484,
          "column": 2
        },
        "end": {
          "line": 484,
          "column": 39
        }
      },
      "49": {
        "start": {
          "line": 485,
          "column": 2
        },
        "end": {
          "line": 497,
          "column": 5
        }
      },
      "50": {
        "start": {
          "line": 489,
          "column": 4
        },
        "end": {
          "line": 489,
          "column": 135
        }
      },
      "51": {
        "start": {
          "line": 490,
          "column": 4
        },
        "end": {
          "line": 496,
          "column": 7
        }
      },
      "52": {
        "start": {
          "line": 491,
          "column": 6
        },
        "end": {
          "line": 492,
          "column": 15
        }
      },
      "53": {
        "start": {
          "line": 492,
          "column": 8
        },
        "end": {
          "line": 492,
          "column": 15
        }
      },
      "54": {
        "start": {
          "line": 493,
          "column": 32
        },
        "end": {
          "line": 493,
          "column": 115
        }
      },
      "55": {
        "start": {
          "line": 494,
          "column": 6
        },
        "end": {
          "line": 495,
          "column": 54
        }
      },
      "56": {
        "start": {
          "line": 495,
          "column": 8
        },
        "end": {
          "line": 495,
          "column": 54
        }
      }
    },
    "fnMap": {
      "0": {
        "name": "(anonymous_0)",
        "decl": {
          "start": {
            "line": 11,
            "column": 24
          },
          "end": {
            "line": 11,
            "column": 25
          }
        },
        "loc": {
          "start": {
            "line": 11,
            "column": 38
          },
          "end": {
            "line": 13,
            "column": 3
          }
        },
        "line": 11
      },
      "1": {
        "name": "FormPage",
        "decl": {
          "start": {
            "line": 27,
            "column": 9
          },
          "end": {
            "line": 27,
            "column": 17
          }
        },
        "loc": {
          "start": {
            "line": 27,
            "column": 20
          },
          "end": {
            "line": 474,
            "column": 1
          }
        },
        "line": 27
      },
      "2": {
        "name": "(anonymous_2)",
        "decl": {
          "start": {
            "line": 30,
            "column": 36
          },
          "end": {
            "line": 30,
            "column": 37
          }
        },
        "loc": {
          "start": {
            "line": 30,
            "column": 47
          },
          "end": {
            "line": 30,
            "column": 71
          }
        },
        "line": 30
      },
      "3": {
        "name": "(anonymous_3)",
        "decl": {
          "start": {
            "line": 54,
            "column": 19
          },
          "end": {
            "line": 54,
            "column": 20
          }
        },
        "loc": {
          "start": {
            "line": 54,
            "column": 29
          },
          "end": {
            "line": 64,
            "column": 3
          }
        },
        "line": 54
      },
      "4": {
        "name": "(anonymous_4)",
        "decl": {
          "start": {
            "line": 74,
            "column": 17
          },
          "end": {
            "line": 74,
            "column": 18
          }
        },
        "loc": {
          "start": {
            "line": 82,
            "column": 28
          },
          "end": {
            "line": 101,
            "column": 14
          }
        },
        "line": 82
      },
      "5": {
        "name": "(anonymous_5)",
        "decl": {
          "start": {
            "line": 83,
            "column": 100
          },
          "end": {
            "line": 83,
            "column": 101
          }
        },
        "loc": {
          "start": {
            "line": 83,
            "column": 114
          },
          "end": {
            "line": 83,
            "column": 132
          }
        },
        "line": 83
      },
      "6": {
        "name": "(anonymous_6)",
        "decl": {
          "start": {
            "line": 108,
            "column": 17
          },
          "end": {
            "line": 108,
            "column": 18
          }
        },
        "loc": {
          "start": {
            "line": 116,
            "column": 28
          },
          "end": {
            "line": 135,
            "column": 14
          }
        },
        "line": 116
      },
      "7": {
        "name": "(anonymous_7)",
        "decl": {
          "start": {
            "line": 117,
            "column": 99
          },
          "end": {
            "line": 117,
            "column": 100
          }
        },
        "loc": {
          "start": {
            "line": 117,
            "column": 113
          },
          "end": {
            "line": 117,
            "column": 131
          }
        },
        "line": 117
      },
      "8": {
        "name": "(anonymous_8)",
        "decl": {
          "start": {
            "line": 142,
            "column": 17
          },
          "end": {
            "line": 142,
            "column": 18
          }
        },
        "loc": {
          "start": {
            "line": 150,
            "column": 28
          },
          "end": {
            "line": 169,
            "column": 14
          }
        },
        "line": 150
      },
      "9": {
        "name": "(anonymous_9)",
        "decl": {
          "start": {
            "line": 151,
            "column": 98
          },
          "end": {
            "line": 151,
            "column": 99
          }
        },
        "loc": {
          "start": {
            "line": 151,
            "column": 112
          },
          "end": {
            "line": 151,
            "column": 130
          }
        },
        "line": 151
      },
      "10": {
        "name": "(anonymous_10)",
        "decl": {
          "start": {
            "line": 176,
            "column": 17
          },
          "end": {
            "line": 176,
            "column": 18
          }
        },
        "loc": {
          "start": {
            "line": 184,
            "column": 28
          },
          "end": {
            "line": 203,
            "column": 14
          }
        },
        "line": 184
      },
      "11": {
        "name": "(anonymous_11)",
        "decl": {
          "start": {
            "line": 185,
            "column": 103
          },
          "end": {
            "line": 185,
            "column": 104
          }
        },
        "loc": {
          "start": {
            "line": 185,
            "column": 117
          },
          "end": {
            "line": 185,
            "column": 135
          }
        },
        "line": 185
      },
      "12": {
        "name": "(anonymous_12)",
        "decl": {
          "start": {
            "line": 210,
            "column": 17
          },
          "end": {
            "line": 210,
            "column": 18
          }
        },
        "loc": {
          "start": {
            "line": 218,
            "column": 28
          },
          "end": {
            "line": 237,
            "column": 14
          }
        },
        "line": 218
      },
      "13": {
        "name": "(anonymous_13)",
        "decl": {
          "start": {
            "line": 219,
            "column": 99
          },
          "end": {
            "line": 219,
            "column": 100
          }
        },
        "loc": {
          "start": {
            "line": 219,
            "column": 113
          },
          "end": {
            "line": 219,
            "column": 131
          }
        },
        "line": 219
      },
      "14": {
        "name": "(anonymous_14)",
        "decl": {
          "start": {
            "line": 244,
            "column": 17
          },
          "end": {
            "line": 244,
            "column": 18
          }
        },
        "loc": {
          "start": {
            "line": 252,
            "column": 28
          },
          "end": {
            "line": 271,
            "column": 14
          }
        },
        "line": 252
      },
      "15": {
        "name": "(anonymous_15)",
        "decl": {
          "start": {
            "line": 253,
            "column": 118
          },
          "end": {
            "line": 253,
            "column": 119
          }
        },
        "loc": {
          "start": {
            "line": 253,
            "column": 132
          },
          "end": {
            "line": 253,
            "column": 150
          }
        },
        "line": 253
      },
      "16": {
        "name": "(anonymous_16)",
        "decl": {
          "start": {
            "line": 278,
            "column": 17
          },
          "end": {
            "line": 278,
            "column": 18
          }
        },
        "loc": {
          "start": {
            "line": 286,
            "column": 28
          },
          "end": {
            "line": 305,
            "column": 14
          }
        },
        "line": 286
      },
      "17": {
        "name": "(anonymous_17)",
        "decl": {
          "start": {
            "line": 287,
            "column": 102
          },
          "end": {
            "line": 287,
            "column": 103
          }
        },
        "loc": {
          "start": {
            "line": 287,
            "column": 116
          },
          "end": {
            "line": 287,
            "column": 134
          }
        },
        "line": 287
      },
      "18": {
        "name": "(anonymous_18)",
        "decl": {
          "start": {
            "line": 312,
            "column": 17
          },
          "end": {
            "line": 312,
            "column": 18
          }
        },
        "loc": {
          "start": {
            "line": 320,
            "column": 28
          },
          "end": {
            "line": 339,
            "column": 14
          }
        },
        "line": 320
      },
      "19": {
        "name": "(anonymous_19)",
        "decl": {
          "start": {
            "line": 321,
            "column": 171
          },
          "end": {
            "line": 321,
            "column": 172
          }
        },
        "loc": {
          "start": {
            "line": 321,
            "column": 185
          },
          "end": {
            "line": 321,
            "column": 203
          }
        },
        "line": 321
      },
      "20": {
        "name": "(anonymous_20)",
        "decl": {
          "start": {
            "line": 346,
            "column": 17
          },
          "end": {
            "line": 346,
            "column": 18
          }
        },
        "loc": {
          "start": {
            "line": 354,
            "column": 28
          },
          "end": {
            "line": 373,
            "column": 14
          }
        },
        "line": 354
      },
      "21": {
        "name": "(anonymous_21)",
        "decl": {
          "start": {
            "line": 355,
            "column": 137
          },
          "end": {
            "line": 355,
            "column": 138
          }
        },
        "loc": {
          "start": {
            "line": 355,
            "column": 151
          },
          "end": {
            "line": 355,
            "column": 169
          }
        },
        "line": 355
      },
      "22": {
        "name": "(anonymous_22)",
        "decl": {
          "start": {
            "line": 380,
            "column": 17
          },
          "end": {
            "line": 380,
            "column": 18
          }
        },
        "loc": {
          "start": {
            "line": 388,
            "column": 28
          },
          "end": {
            "line": 407,
            "column": 14
          }
        },
        "line": 388
      },
      "23": {
        "name": "(anonymous_23)",
        "decl": {
          "start": {
            "line": 389,
            "column": 133
          },
          "end": {
            "line": 389,
            "column": 134
          }
        },
        "loc": {
          "start": {
            "line": 389,
            "column": 147
          },
          "end": {
            "line": 389,
            "column": 165
          }
        },
        "line": 389
      },
      "24": {
        "name": "(anonymous_24)",
        "decl": {
          "start": {
            "line": 454,
            "column": 162
          },
          "end": {
            "line": 454,
            "column": 163
          }
        },
        "loc": {
          "start": {
            "line": 454,
            "column": 179
          },
          "end": {
            "line": 460,
            "column": 5
          }
        },
        "line": 454
      },
      "25": {
        "name": "(anonymous_25)",
        "decl": {
          "start": {
            "line": 475,
            "column": 52
          },
          "end": {
            "line": 475,
            "column": 53
          }
        },
        "loc": {
          "start": {
            "line": 475,
            "column": 63
          },
          "end": {
            "line": 477,
            "column": 1
          }
        },
        "line": 475
      },
      "26": {
        "name": "(anonymous_26)",
        "decl": {
          "start": {
            "line": 488,
            "column": 9
          },
          "end": {
            "line": 488,
            "column": 10
          }
        },
        "loc": {
          "start": {
            "line": 488,
            "column": 29
          },
          "end": {
            "line": 497,
            "column": 3
          }
        },
        "line": 488
      },
      "27": {
        "name": "(anonymous_27)",
        "decl": {
          "start": {
            "line": 490,
            "column": 27
          },
          "end": {
            "line": 490,
            "column": 28
          }
        },
        "loc": {
          "start": {
            "line": 490,
            "column": 44
          },
          "end": {
            "line": 496,
            "column": 5
          }
        },
        "line": 490
      }
    },
    "branchMap": {
      "0": {
        "loc": {
          "start": {
            "line": 5,
            "column": 0
          },
          "end": {
            "line": 15,
            "column": 1
          }
        },
        "type": "if",
        "locations": [
          {
            "start": {
              "line": 5,
              "column": 0
            },
            "end": {
              "line": 15,
              "column": 1
            }
          },
          {
            "start": {},
            "end": {}
          }
        ],
        "line": 5
      },
      "1": {
        "loc": {
          "start": {
            "line": 6,
            "column": 2
          },
          "end": {
            "line": 8,
            "column": 3
          }
        },
        "type": "if",
        "locations": [
          {
            "start": {
              "line": 6,
              "column": 2
            },
            "end": {
              "line": 8,
              "column": 3
            }
          },
          {
            "start": {},
            "end": {}
          }
        ],
        "line": 6
      },
      "2": {
        "loc": {
          "start": {
            "line": 88,
            "column": 8
          },
          "end": {
            "line": 96,
            "column": 16
          }
        },
        "type": "binary-expr",
        "locations": [
          {
            "start": {
              "line": 88,
              "column": 8
            },
            "end": {
              "line": 88,
              "column": 13
            }
          },
          {
            "start": {
              "line": 88,
              "column": 33
            },
            "end": {
              "line": 96,
              "column": 16
            }
          }
        ],
        "line": 88
      },
      "3": {
        "loc": {
          "start": {
            "line": 122,
            "column": 8
          },
          "end": {
            "line": 130,
            "column": 16
          }
        },
        "type": "binary-expr",
        "locations": [
          {
            "start": {
              "line": 122,
              "column": 8
            },
            "end": {
              "line": 122,
              "column": 13
            }
          },
          {
            "start": {
              "line": 122,
              "column": 33
            },
            "end": {
              "line": 130,
              "column": 16
            }
          }
        ],
        "line": 122
      },
      "4": {
        "loc": {
          "start": {
            "line": 156,
            "column": 8
          },
          "end": {
            "line": 164,
            "column": 16
          }
        },
        "type": "binary-expr",
        "locations": [
          {
            "start": {
              "line": 156,
              "column": 8
            },
            "end": {
              "line": 156,
              "column": 13
            }
          },
          {
            "start": {
              "line": 156,
              "column": 33
            },
            "end": {
              "line": 164,
              "column": 16
            }
          }
        ],
        "line": 156
      },
      "5": {
        "loc": {
          "start": {
            "line": 190,
            "column": 8
          },
          "end": {
            "line": 198,
            "column": 16
          }
        },
        "type": "binary-expr",
        "locations": [
          {
            "start": {
              "line": 190,
              "column": 8
            },
            "end": {
              "line": 190,
              "column": 13
            }
          },
          {
            "start": {
              "line": 190,
              "column": 33
            },
            "end": {
              "line": 198,
              "column": 16
            }
          }
        ],
        "line": 190
      },
      "6": {
        "loc": {
          "start": {
            "line": 224,
            "column": 8
          },
          "end": {
            "line": 232,
            "column": 16
          }
        },
        "type": "binary-expr",
        "locations": [
          {
            "start": {
              "line": 224,
              "column": 8
            },
            "end": {
              "line": 224,
              "column": 13
            }
          },
          {
            "start": {
              "line": 224,
              "column": 33
            },
            "end": {
              "line": 232,
              "column": 16
            }
          }
        ],
        "line": 224
      },
      "7": {
        "loc": {
          "start": {
            "line": 258,
            "column": 8
          },
          "end": {
            "line": 266,
            "column": 16
          }
        },
        "type": "binary-expr",
        "locations": [
          {
            "start": {
              "line": 258,
              "column": 8
            },
            "end": {
              "line": 258,
              "column": 13
            }
          },
          {
            "start": {
              "line": 258,
              "column": 33
            },
            "end": {
              "line": 266,
              "column": 16
            }
          }
        ],
        "line": 258
      },
      "8": {
        "loc": {
          "start": {
            "line": 292,
            "column": 8
          },
          "end": {
            "line": 300,
            "column": 16
          }
        },
        "type": "binary-expr",
        "locations": [
          {
            "start": {
              "line": 292,
              "column": 8
            },
            "end": {
              "line": 292,
              "column": 13
            }
          },
          {
            "start": {
              "line": 292,
              "column": 33
            },
            "end": {
              "line": 300,
              "column": 16
            }
          }
        ],
        "line": 292
      },
      "9": {
        "loc": {
          "start": {
            "line": 326,
            "column": 8
          },
          "end": {
            "line": 334,
            "column": 16
          }
        },
        "type": "binary-expr",
        "locations": [
          {
            "start": {
              "line": 326,
              "column": 8
            },
            "end": {
              "line": 326,
              "column": 13
            }
          },
          {
            "start": {
              "line": 326,
              "column": 33
            },
            "end": {
              "line": 334,
              "column": 16
            }
          }
        ],
        "line": 326
      },
      "10": {
        "loc": {
          "start": {
            "line": 360,
            "column": 8
          },
          "end": {
            "line": 368,
            "column": 16
          }
        },
        "type": "binary-expr",
        "locations": [
          {
            "start": {
              "line": 360,
              "column": 8
            },
            "end": {
              "line": 360,
              "column": 13
            }
          },
          {
            "start": {
              "line": 360,
              "column": 33
            },
            "end": {
              "line": 368,
              "column": 16
            }
          }
        ],
        "line": 360
      },
      "11": {
        "loc": {
          "start": {
            "line": 394,
            "column": 8
          },
          "end": {
            "line": 402,
            "column": 16
          }
        },
        "type": "binary-expr",
        "locations": [
          {
            "start": {
              "line": 394,
              "column": 8
            },
            "end": {
              "line": 394,
              "column": 13
            }
          },
          {
            "start": {
              "line": 394,
              "column": 33
            },
            "end": {
              "line": 402,
              "column": 16
            }
          }
        ],
        "line": 394
      },
      "12": {
        "loc": {
          "start": {
            "line": 426,
            "column": 8
          },
          "end": {
            "line": 434,
            "column": 16
          }
        },
        "type": "binary-expr",
        "locations": [
          {
            "start": {
              "line": 426,
              "column": 8
            },
            "end": {
              "line": 426,
              "column": 27
            }
          },
          {
            "start": {
              "line": 426,
              "column": 47
            },
            "end": {
              "line": 434,
              "column": 16
            }
          }
        ],
        "line": 426
      },
      "13": {
        "loc": {
          "start": {
            "line": 454,
            "column": 104
          },
          "end": {
            "line": 464,
            "column": 12
          }
        },
        "type": "cond-expr",
        "locations": [
          {
            "start": {
              "line": 454,
              "column": 144
            },
            "end": {
              "line": 460,
              "column": 6
            }
          },
          {
            "start": {
              "line": 460,
              "column": 25
            },
            "end": {
              "line": 464,
              "column": 12
            }
          }
        ],
        "line": 454
      },
      "14": {
        "loc": {
          "start": {
            "line": 454,
            "column": 104
          },
          "end": {
            "line": 454,
            "column": 141
          }
        },
        "type": "binary-expr",
        "locations": [
          {
            "start": {
              "line": 454,
              "column": 104
            },
            "end": {
              "line": 454,
              "column": 117
            }
          },
          {
            "start": {
              "line": 454,
              "column": 121
            },
            "end": {
              "line": 454,
              "column": 141
            }
          }
        ],
        "line": 454
      },
      "15": {
        "loc": {
          "start": {
            "line": 482,
            "column": 0
          },
          "end": {
            "line": 498,
            "column": 1
          }
        },
        "type": "if",
        "locations": [
          {
            "start": {
              "line": 482,
              "column": 0
            },
            "end": {
              "line": 498,
              "column": 1
            }
          },
          {
            "start": {},
            "end": {}
          }
        ],
        "line": 482
      },
      "16": {
        "loc": {
          "start": {
            "line": 491,
            "column": 6
          },
          "end": {
            "line": 492,
            "column": 15
          }
        },
        "type": "if",
        "locations": [
          {
            "start": {
              "line": 491,
              "column": 6
            },
            "end": {
              "line": 492,
              "column": 15
            }
          },
          {
            "start": {},
            "end": {}
          }
        ],
        "line": 491
      },
      "17": {
        "loc": {
          "start": {
            "line": 494,
[...]
        },
        "type": "if",
        "locations": [
          {
            "start": {
              "line": 83,
              "column": 0
            },
            "end": {
              "line": 99,
              "column": 1
            }
          },
          {
            "start": {},
            "end": {}
          }
        ],
        "line": 83
      },
      "6": {
        "loc": {
          "start": {
            "line": 92,
            "column": 6
          },
          "end": {
            "line": 93,
            "column": 15
          }
        },
        "type": "if",
        "locations": [
          {
            "start": {
              "line": 92,
              "column": 6
            },
            "end": {
              "line": 93,
              "column": 15
            }
          },
          {
            "start": {},
            "end": {}
          }
        ],
        "line": 92
      },
      "7": {
        "loc": {
          "start": {
            "line": 95,
            "column": 6
          },
          "end": {
            "line": 96,
            "column": 54
          }
        },
        "type": "if",
        "locations": [
          {
            "start": {
              "line": 95,
              "column": 6
            },
            "end": {
              "line": 96,
              "column": 54
            }
          },
          {
            "start": {},
            "end": {}
          }
        ],
        "line": 95
      }
    },
    "s": {
      "0": 10,
      "1": 10,
      "2": 0,
      "3": 10,
      "4": 10,
      "5": 10,
      "6": 10,
      "7": 10,
      "8": 10,
      "9": 60,
      "10": 60,
      "11": 78,
      "12": 60,
      "13": 78,
      "14": 60,
      "15": 78,
      "16": 60,
      "17": 72,
      "18": 60,
      "19": 78,
      "20": 60,
      "21": 60,
      "22": 60,
      "23": 8,
      "24": 60,
      "25": 12,
      "26": 60,
      "27": 14,
      "28": 2,
      "29": 60,
      "30": 10,
      "31": 4,
      "32": 10,
      "33": 10,
      "34": 10,
      "35": 10,
      "36": 10,
      "37": 10,
      "38": 5,
      "39": 5,
      "40": 0,
      "41": 0,
      "42": 0,
      "43": 0,
      "44": 0
    },
    "f": {
      "0": 10,
      "1": 60,
      "2": 78,
      "3": 78,
      "4": 78,
      "5": 72,
      "6": 78,
      "7": 8,
      "8": 12,
      "9": 14,
      "10": 4,
      "11": 5,
      "12": 0
    },
    "b": {
      "0": [
        10,
        0
      ],
      "1": [
        0,
        10
      ],
      "2": [
        2,
        12
      ],
      "3": [
        28,
        32
      ],
      "4": [
        60,
        58,
        36
      ],
      "5": [
        10,
        0
      ],
      "6": [
        0,
        0
      ],
      "7": [
        0,
        0
      ]
    },
    "inputSourceMap": {
      "version": 3,
      "mappings": "AA0CQ,mBACI,cADJ;;;;;;;;;;;;;;;;AA1CR,SAA8BA,WAAWC,gBAAe;AACxD,OAAOC,cAAc;AACrB,SAAQC,aAAaC,mBAAkB;AACvC,SAAQC,uBAAuB;AAC/B,SAAQC,gBAAgB;AAaxB,SAASC,WAAwB;AAAAC;AAC7B,QAAMC,QAAQL,YAAY,CAACM,UAAqBA,MAAMC,OAAOC,WAAW;AACxE,QAAMC,YAAYT,YAAY,CAACM,UAAqBA,MAAMI,cAAcC,KAAK;AAC7E,QAAMC,OAAOZ,YAAY,CAACM,UAAqBA,MAAMI,cAAcE,IAAI;AACvE,QAAMC,YAAYb,YAAY,CAACM,UAAqBA,MAAMI,cAAcG,SAAS;AACjF,QAAMC,QAAQd,YAAY,CAACM,UAAqBA,MAAMI,cAAcI,KAAK;AACzE,QAAMC,WAA2DhB,YAAW;AAC5E,QAAM,CAACiB,aAAaC,cAAc,IAAIpB,SAAS,EAAE;AAEjDD,YAAU,MAAM;AACZmB,aAASd,gBAAgB;AAAA,MAAEW;AAAAA,MAAMP;AAAAA,IAAM,CAAC,CAAC;AAAA,EAC7C,GAAG,CAACA,OAAOO,MAAMG,QAAQ,CAAC;AAG1B,QAAMG,eAAeA,CAACC,UAAqD;AACvEF,mBAAeE,MAAMC,OAAOC,KAAK;AAAA,EACrC;AAEA,QAAMC,gBAAgBA,CAACH,UAAiD;AACpE,QAAIA,MAAMI,QAAQ,SAAS;AACvBR,eAASb,SAASc,WAAW,CAAC;AAAA,IAClC;AAAA,EACJ;AAEA,SACI,mCACI;AAAA,2BAAC,WAAM,MAAK,QACL,WAAQ,gBACR,WAAU,8QACV,aAAY,UACZ,UAAQ,MACR,OAAOA,aACP,UAAUE,cACV,WAAWI,iBAPlB;AAAA;AAAA;AAAA;AAAA,WAOgC;AAAA,IAEhC,uBAAC,UAAD;AAAA;AAAA;AAAA;AAAA,WAAG;AAAA,IACH,uBAAC,QAAG,WAAU,cAAa,eAAY,aAAY,yBAAnD;AAAA;AAAA;AAAA;AAAA,WAA4D;AAAA,IAC3D,CAACR,SAAS,CAACD,aAAaJ,UAAUe,SAAS,uBAAC,YAAS,WAAQ,aAAY,OAAOf,aAArC;AAAA;AAAA;AAAA;AAAA,WAA+C,IAAM,uBAAC,SAAI,WAAQ,aAAY,iCAAzB;AAAA;AAAA;AAAA;AAAA,WAA0C;AAAA,OAZ/I;AAAA;AAAA;AAAA;AAAA,SAaA;AAER;AAACL,GAxCQD,UAAQ;AAAA,UACCH,aACIA,aACLA,aACKA,aACJA,aACmDD,WAAW;AAAA;AAAA0B,KANvEtB;AA0CT,eAAeA;AAAS;AAAAuB",
      "names": [
        "useEffect",
        "useState",
        "CardList",
        "useDispatch",
        "useSelector",
        "fetchCharacters",
        "setQuery",
        "HomePage",
        "_s",
        "query",
        "state",
        "search",
        "searchQuery",
        "cardsData",
        "searchResults",
        "cards",
        "page",
        "isLoading",
        "error",
        "dispatch",
        "updatedText",
        "setUpdatedText",
        "handleChange",
        "event",
        "target",
        "value",
        "handleKeyDown",
        "key",
        "length",
        "_c",
        "$RefreshReg$"
      ],
      "sources": [
        "/home/dviartseika/verteyko/rs-app-react-ts/src/pages/HomePage.tsx"
      ],
      "file": "/home/dviartseika/verteyko/rs-app-react-ts/src/pages/HomePage.tsx"
    },
    "_coverageSchema": "1a1c01bbd47fc00a2c39e90264f33305004495a9",
    "hash": "333bf18e28c202e3537cb0c1081e757c60b0cb7d"
  },
  "/home/dviartseika/verteyko/rs-app-react-ts/src/App.tsx": {
    "path": "/home/dviartseika/verteyko/rs-app-react-ts/src/App.tsx",
    "statementMap": {
      "0": {
        "start": {
          "line": 5,
          "column": 0
        },
        "end": {
          "line": 15,
          "column": 1
        }
      },
      "1": {
        "start": {
          "line": 6,
          "column": 2
        },
        "end": {
          "line": 8,
          "column": 3
        }
      },
      "2": {
        "start": {
          "line": 7,
          "column": 4
        },
        "end": {
          "line": 7,
          "column": 165
        }
      },
      "3": {
        "start": {
          "line": 9,
          "column": 2
        },
        "end": {
          "line": 9,
          "column": 39
        }
      },
      "4": {
        "start": {
          "line": 10,
          "column": 2
        },
        "end": {
          "line": 10,
          "column": 39
        }
      },
      "5": {
        "start": {
          "line": 11,
          "column": 2
        },
        "end": {
          "line": 13,
          "column": 4
        }
      },
      "6": {
        "start": {
          "line": 12,
          "column": 4
        },
        "end": {
          "line": 12,
          "column": 98
        }
      },
      "7": {
        "start": {
          "line": 14,
          "column": 2
        },
        "end": {
          "line": 14,
          "column": 75
        }
      },
      "8": {
        "start": {
          "line": 16,
          "column": 9
        },
        "end": {
          "line": 16,
          "column": 23
        }
      },
      "9": {
        "start": {
          "line": 27,
          "column": 2
        },
        "end": {
          "line": 27,
          "column": 7
        }
      },
      "10": {
        "start": {
          "line": 28,
          "column": 19
        },
        "end": {
          "line": 28,
          "column": 32
        }
      },
      "11": {
        "start": {
          "line": 29,
          "column": 36
        },
        "end": {
          "line": 29,
          "column": 48
        }
      },
      "12": {
        "start": {
          "line": 30,
          "column": 2
        },
        "end": {
          "line": 32,
          "column": 9
        }
      },
      "13": {
        "start": {
          "line": 31,
          "column": 4
        },
        "end": {
          "line": 31,
          "column": 27
        }
      },
      "14": {
        "start": {
          "line": 33,
          "column": 2
        },
        "end": {
          "line": 85,
          "column": 11
        }
      },
      "15": {
        "start": {
          "line": 87,
          "column": 0
        },
        "end": {
          "line": 89,
          "column": 3
        }
      },
      "16": {
        "start": {
          "line": 88,
          "column": 2
        },
        "end": {
          "line": 88,
          "column": 23
        }
      },
      "17": {
        "start": {
          "line": 90,
          "column": 0
        },
        "end": {
          "line": 90,
          "column": 9
        }
      },
      "18": {
        "start": {
          "line": 92,
          "column": 0
        },
        "end": {
          "line": 92,
          "column": 24
        }
      },
      "19": {
        "start": {
          "line": 93,
          "column": 0
        },
        "end": {
          "line": 109,
          "column": 1
        }
      },
      "20": {
        "start": {
          "line": 94,
          "column": 2
        },
        "end": {
          "line": 94,
          "column": 39
        }
      },
      "21": {
        "start": {
          "line": 95,
          "column": 2
        },
        "end": {
          "line": 95,
          "column": 39
        }
      },
      "22": {
        "start": {
          "line": 96,
          "column": 2
        },
        "end": {
          "line": 108,
          "column": 5
        }
      },
      "23": {
        "start": {
          "line": 100,
          "column": 4
        },
        "end": {
          "line": 100,
          "column": 124
        }
      },
      "24": {
        "start": {
          "line": 101,
          "column": 4
        },
        "end": {
          "line": 107,
          "column": 7
        }
      },
      "25": {
        "start": {
          "line": 102,
          "column": 6
        },
        "end": {
          "line": 103,
          "column": 15
        }
      },
      "26": {
        "start": {
          "line": 103,
          "column": 8
        },
        "end": {
          "line": 103,
          "column": 15
        }
      },
      "27": {
        "start": {
          "line": 104,
          "column": 32
        },
        "end": {
          "line": 104,
          "column": 115
        }
      },
      "28": {
        "start": {
          "line": 105,
          "column": 6
        },
        "end": {
          "line": 106,
          "column": 54
        }
      },
      "29": {
        "start": {
          "line": 106,
          "column": 8
        },
        "end": {
          "line": 106,
          "column": 54
        }
      }
    },
    "fnMap": {
      "0": {
        "name": "(anonymous_0)",
        "decl": {
          "start": {
            "line": 11,
            "column": 24
          },
          "end": {
            "line": 11,
            "column": 25
          }
        },
        "loc": {
          "start": {
            "line": 11,
            "column": 38
          },
          "end": {
            "line": 13,
            "column": 3
          }
        },
        "line": 11
      },
      "1": {
        "name": "App",
        "decl": {
          "start": {
            "line": 26,
            "column": 16
          },
          "end": {
            "line": 26,
            "column": 19
          }
        },
        "loc": {
          "start": {
            "line": 26,
            "column": 22
          },
          "end": {
            "line": 86,
            "column": 1
          }
        },
        "line": 26
      },
      "2": {
        "name": "(anonymous_2)",
        "decl": {
          "start": {
            "line": 30,
            "column": 12
          },
          "end": {
            "line": 30,
            "column": 13
          }
        },
        "loc": {
          "start": {
            "line": 30,
            "column": 18
          },
          "end": {
            "line": 32,
            "column": 3
          }
        },
        "line": 30
      },
      "3": {
        "name": "(anonymous_3)",
        "decl": {
          "start": {
            "line": 87,
            "column": 47
          },
          "end": {
            "line": 87,
            "column": 48
          }
        },
        "loc": {
          "start": {
            "line": 87,
            "column": 58
          },
          "end": {
            "line": 89,
            "column": 1
          }
        },
        "line": 87
      },
      "4": {
        "name": "(anonymous_4)",
        "decl": {
          "start": {
            "line": 99,
            "column": 9
          },
          "end": {
            "line": 99,
            "column": 10
          }
        },
        "loc": {
          "start": {
            "line": 99,
            "column": 29
          },
          "end": {
            "line": 108,
            "column": 3
          }
        },
        "line": 99
      },
      "5": {
        "name": "(anonymous_5)",
        "decl": {
          "start": {
            "line": 101,
            "column": 27
          },
          "end": {
            "line": 101,
            "column": 28
          }
        },
        "loc": {
          "start": {
            "line": 101,
            "column": 44
          },
          "end": {
            "line": 107,
            "column": 5
          }
        },
        "line": 101
      }
    },
    "branchMap": {
      "0": {
        "loc": {
          "start": {
            "line": 5,
            "column": 0
          },
          "end": {
            "line": 15,
            "column": 1
          }
        },
        "type": "if",
        "locations": [
          {
            "start": {
              "line": 5,
              "column": 0
            },
            "end": {
              "line": 15,
              "column": 1
            }
          },
          {
            "start": {},
            "end": {}
          }
        ],
        "line": 5
      },
      "1": {
        "loc": {
          "start": {
            "line": 6,
            "column": 2
          },
          "end": {
            "line": 8,
            "column": 3
          }
        },
        "type": "if",
        "locations": [
          {
            "start": {
              "line": 6,
              "column": 2
            },
            "end": {
              "line": 8,
              "column": 3
            }
          },
          {
            "start": {},
            "end": {}
          }
        ],
        "line": 6
      },
      "2": {
        "loc": {
          "start": {
            "line": 93,
            "column": 0
          },
          "end": {
            "line": 109,
            "column": 1
          }
        },
        "type": "if",
        "locations": [
          {
            "start": {
              "line": 93,
              "column": 0
            },
            "end": {
              "line": 109,
              "column": 1
            }
          },
          {
            "start": {},
            "end": {}
          }
        ],
        "line": 93
      },
      "3": {
        "loc": {
          "start": {
            "line": 102,
            "column": 6
          },
          "end": {
            "line": 103,
            "column": 15
          }
        },
        "type": "if",
        "locations": [
          {
            "start": {
              "line": 102,
              "column": 6
            },
            "end": {
              "line": 103,
              "column": 15
            }
          },
          {
            "start": {},
            "end": {}
          }
        ],
        "line": 102
      },
      "4": {
        "loc": {
          "start": {
            "line": 105,
            "column": 6
          },
          "end": {
            "line": 106,
            "column": 54
          }
        },
        "type": "if",
        "locations": [
          {
            "start": {
              "line": 105,
              "column": 6
            },
            "end": {
              "line": 106,
              "column": 54
            }
          },
          {
            "start": {},
            "end": {}
          }
        ],
        "line": 105
      }
    },
    "s": {
      "0": 10,
      "1": 10,
      "2": 0,
      "3": 10,
      "4": 10,
      "5": 10,
      "6": 10,
      "7": 10,
      "8": 10,
      "9": 30,
      "10": 30,
      "11": 30,
      "12": 30,
      "13": 12,
      "14": 30,
      "15": 10,
      "16": 10,
      "17": 10,
      "18": 10,
      "19": 10,
      "20": 10,
      "21": 10,
      "22": 10,
      "23": 5,
      "24": 5,
      "25": 0,
      "26": 0,
      "27": 0,
      "28": 0,
      "29": 0
    },
    "f": {
      "0": 10,
      "1": 30,
      "2": 12,
      "3": 10,
      "4": 5,
      "5": 0
    },
    "b": {
      "0": [
        10,
        0
      ],
      "1": [
        0,
        10
      ],
      "2": [
        10,
        0
      ],
      "3": [
        0,
        0
      ],
      "4": [
        0,
        0
      ]
    },
    "inputSourceMap": {
      "version": 3,
      "mappings": "AAoBI,mBACI,cADJ;;;;;;;;;;;;;;;;AApBJ,SAAeA,WAAWC,gBAAe;AACzC,SAASC,OAAOC,QAAQC,mBAAmB;AAC3C,OAAO;AAEP,OAAOC,cAAc;AACrB,OAAOC,qBAAqB;AAC5B,OAAOC,cAAc;AAErB,OAAOC,iBAAiB;AACxB,OAAOC,cAAc;AACrB,OAAOC,cAAc;AAEd,gBAASC,MAAM;AAAAC;AACpB,QAAMC,WAAWT,YAAW;AAC1B,QAAM,CAACU,WAAWC,YAAY,IAAId,SAAsB,EAAE;AAE1DD,YAAU,MAAM;AACZe,iBAAaR,QAAQ;AAAA,EACzB,GAAG,EAAE;AACP,SACE,mCACI;AAAA,2BAAC,mBAAgB,eAAY,mBAAkB,aAA/C;AAAA;AAAA;AAAA;AAAA,WAAoE;AAAA,IACpE,uBAAC,UAAO,UACJ;AAAA,6BAAC,SAAM,MAAK,KAAI,SAAS,uBAAC,cAAD;AAAA;AAAA;AAAA;AAAA,aAAS,KAAlC;AAAA;AAAA;AAAA;AAAA,aAAuC;AAAA,MACvC,uBAAC,SAAM,MAAK,UAAS,SAAS,uBAAC,iBAAD;AAAA;AAAA;AAAA;AAAA,aAAY,KAA1C;AAAA;AAAA;AAAA;AAAA,aAA+C;AAAA,MAC/C,uBAAC,SAAM,MAAK,SAAQ,SAAS,uBAAC,cAAD;AAAA;AAAA;AAAA;AAAA,aAAS,KAAtC;AAAA;AAAA;AAAA;AAAA,aAA2C;AAAA,MAC3C,uBAAC,SAAM,MAAK,KAAI,SAAS,uBAAC,cAAD;AAAA;AAAA;AAAA;AAAA,aAAS,KAAlC;AAAA;AAAA;AAAA;AAAA,aAAuC;AAAA,SAJVM,SAASG,KAA1C;AAAA;AAAA;AAAA;AAAA,WAKA;AAAA,OAPJ;AAAA;AAAA;AAAA;AAAA,SAQA;AAEJ;AAACJ,GAlBeD,KAAG;AAAA,UACAP,WAAW;AAAA;AAAAa,KADdN;AAAG;AAAAO",
      "names": [
        "useEffect",
        "useState",
        "Route",
        "Routes",
        "useLocation",
        "FormPage",
        "HeaderComponent",
        "menuList",
        "AboutUsPage",
        "NotFound",
        "HomePage",
        "App",
        "_s",
        "location",
        "menuItems",
        "setMenuItems",
        "key",
        "_c",
        "$RefreshReg$"
      ],
      "sources": [
        "/home/dviartseika/verteyko/rs-app-react-ts/src/App.tsx"
      ],
      "file": "/home/dviartseika/verteyko/rs-app-react-ts/src/App.tsx"
    },
    "_coverageSchema": "1a1c01bbd47fc00a2c39e90264f33305004495a9",
    "hash": "7e3da4339a22f03ce1cda90225cad0e256aaed94"
  },
  "/home/dviartseika/verteyko/rs-app-react-ts/src/entry-client.tsx": {
    "path": "/home/dviartseika/verteyko/rs-app-react-ts/src/entry-client.tsx",
    "statementMap": {
      "0": {
        "start": {
          "line": 9,
          "column": 0
        },
        "end": {
          "line": 25,
          "column": 10
        }
      }
    },
    "fnMap": {},
    "branchMap": {},
    "s": {
      "0": 10
    },
    "f": {},
    "b": {},
    "inputSourceMap": {
      "version": 3,
      "mappings": "AAaQ;AAbR,OAAOA,WAAW;AAClB,OAAOC,cAAc;AACrB,SAASC,gBAAgB;AACzB,SAASC,qBAAqB;AAC9B,SAASC,WAAW;AACpB,SAASC,aAAa;AACtB,OAAO;AAEPJ,SAASK,YACPC,SAASC,eAAe,MAAM,GAC9B,uBAAC,MAAM,YAAN,EACC,iCAAC,YAAS,OACR,iCAAC,iBACC,iCAAC,SAAD;AAAA;AAAA;AAAA;AAAA,OAAI,KADN;AAAA;AAAA;AAAA;AAAA,OAEA,KAHF;AAAA;AAAA;AAAA;AAAA,OAIA,KALF;AAAA;AAAA;AAAA;AAAA,OAMA,CAAmB",
      "names": [
        "React",
        "ReactDOM",
        "Provider",
        "BrowserRouter",
        "App",
        "store",
        "hydrateRoot",
        "document",
        "getElementById"
      ],
      "sources": [
        "/home/dviartseika/verteyko/rs-app-react-ts/src/entry-client.tsx"
      ],
      "file": "/home/dviartseika/verteyko/rs-app-react-ts/src/entry-client.tsx"
    },
    "_coverageSchema": "1a1c01bbd47fc00a2c39e90264f33305004495a9",
    "hash": "462ffef07a6fa851623d1538bc3179ee560a2b1c"
  }
}